2021-02-16 07:01:08 Error: [Cake\Http\Exception\NotFoundException] Please replace src/Template/Pages/home.ctp with your own version or re-enable debug mode. (C:\xampp\htdocs\maximess\src\Template\Pages\home.ctp:25)
#0 C:\xampp\htdocs\maximess\vendor\cakephp\cakephp\src\View\View.php(1435): include()
#1 C:\xampp\htdocs\maximess\vendor\cakephp\cakephp\src\View\View.php(1393): Cake\View\View->_evaluate('C:\\xampp\\htdocs...', Array)
#2 C:\xampp\htdocs\maximess\vendor\cakephp\cakephp\src\View\View.php(892): Cake\View\View->_render('C:\\xampp\\htdocs...')
#3 C:\xampp\htdocs\maximess\vendor\cakephp\cakephp\src\Controller\Controller.php(791): Cake\View\View->render('home', NULL)
#4 C:\xampp\htdocs\maximess\src\Controller\PagesController.php(60): Cake\Controller\Controller->render('home')
#5 C:\xampp\htdocs\maximess\vendor\cakephp\cakephp\src\Controller\Controller.php(606): App\Controller\PagesController->display('home')
#6 C:\xampp\htdocs\maximess\vendor\cakephp\cakephp\src\Http\ActionDispatcher.php(120): Cake\Controller\Controller->invokeAction()
#7 C:\xampp\htdocs\maximess\vendor\cakephp\cakephp\src\Http\ActionDispatcher.php(94): Cake\Http\ActionDispatcher->_invoke(Object(App\Controller\PagesController))
#8 C:\xampp\htdocs\maximess\vendor\cakephp\cakephp\src\Http\BaseApplication.php(256): Cake\Http\ActionDispatcher->dispatch(Object(Cake\Http\ServerRequest), Object(Cake\Http\Response))
#9 C:\xampp\htdocs\maximess\vendor\cakephp\cakephp\src\Http\Runner.php(65): Cake\Http\BaseApplication->__invoke(Object(Cake\Http\ServerRequest), Object(Cake\Http\Response), Object(Cake\Http\Runner))
#10 C:\xampp\htdocs\maximess\vendor\cakephp\cakephp\src\Http\Runner.php(65): Cake\Http\Runner->__invoke(Object(Cake\Http\ServerRequest), Object(Cake\Http\Response), Object(Cake\Http\Runner))
#11 C:\xampp\htdocs\maximess\vendor\cakephp\cakephp\src\Http\Middleware\CsrfProtectionMiddleware.php(126): Cake\Http\Runner->__invoke(Object(Cake\Http\ServerRequest), Object(Cake\Http\Response))
#12 C:\xampp\htdocs\maximess\vendor\cakephp\cakephp\src\Http\Runner.php(65): Cake\Http\Middleware\CsrfProtectionMiddleware->__invoke(Object(Cake\Http\ServerRequest), Object(Cake\Http\Response), Object(Cake\Http\Runner))
#13 C:\xampp\htdocs\maximess\vendor\cakephp\cakephp\src\Http\Runner.php(51): Cake\Http\Runner->__invoke(Object(Cake\Http\ServerRequest), Object(Cake\Http\Response))
#14 C:\xampp\htdocs\maximess\vendor\cakephp\cakephp\src\Routing\Middleware\RoutingMiddleware.php(170): Cake\Http\Runner->run(Object(Cake\Http\MiddlewareQueue), Object(Cake\Http\ServerRequest), Object(Cake\Http\Response))
#15 C:\xampp\htdocs\maximess\vendor\cakephp\cakephp\src\Http\Runner.php(65): Cake\Routing\Middleware\RoutingMiddleware->__invoke(Object(Cake\Http\ServerRequest), Object(Cake\Http\Response), Object(Cake\Http\Runner))
#16 C:\xampp\htdocs\maximess\vendor\cakephp\cakephp\src\Routing\Middleware\AssetMiddleware.php(88): Cake\Http\Runner->__invoke(Object(Cake\Http\ServerRequest), Object(Cake\Http\Response))
#17 C:\xampp\htdocs\maximess\vendor\cakephp\cakephp\src\Http\Runner.php(65): Cake\Routing\Middleware\AssetMiddleware->__invoke(Object(Cake\Http\ServerRequest), Object(Cake\Http\Response), Object(Cake\Http\Runner))
#18 C:\xampp\htdocs\maximess\vendor\cakephp\cakephp\src\Error\Middleware\ErrorHandlerMiddleware.php(100): Cake\Http\Runner->__invoke(Object(Cake\Http\ServerRequest), Object(Cake\Http\Response))
#19 C:\xampp\htdocs\maximess\vendor\cakephp\cakephp\src\Http\Runner.php(65): Cake\Error\Middleware\ErrorHandlerMiddleware->__invoke(Object(Cake\Http\ServerRequest), Object(Cake\Http\Response), Object(Cake\Http\Runner))
#20 C:\xampp\htdocs\maximess\vendor\cakephp\cakephp\src\Http\Runner.php(51): Cake\Http\Runner->__invoke(Object(Cake\Http\ServerRequest), Object(Cake\Http\Response))
#21 C:\xampp\htdocs\maximess\vendor\cakephp\cakephp\src\Http\Server.php(97): Cake\Http\Runner->run(Object(Cake\Http\MiddlewareQueue), Object(Cake\Http\ServerRequest), Object(Cake\Http\Response))
#22 C:\xampp\htdocs\maximess\webroot\index.php(40): Cake\Http\Server->run()
#23 {main}
Request URL: /


2021-02-16 07:01:41 Error: [Cake\Http\Exception\NotFoundException] Please replace src/Template/Pages/home.ctp with your own version or re-enable debug mode. (C:\xampp\htdocs\maximess\src\Template\Pages\home.ctp:25)
#0 C:\xampp\htdocs\maximess\vendor\cakephp\cakephp\src\View\View.php(1435): include()
#1 C:\xampp\htdocs\maximess\vendor\cakephp\cakephp\src\View\View.php(1393): Cake\View\View->_evaluate('C:\\xampp\\htdocs...', Array)
#2 C:\xampp\htdocs\maximess\vendor\cakephp\cakephp\src\View\View.php(892): Cake\View\View->_render('C:\\xampp\\htdocs...')
#3 C:\xampp\htdocs\maximess\vendor\cakephp\cakephp\src\Controller\Controller.php(791): Cake\View\View->render('home', NULL)
#4 C:\xampp\htdocs\maximess\src\Controller\PagesController.php(60): Cake\Controller\Controller->render('home')
#5 C:\xampp\htdocs\maximess\vendor\cakephp\cakephp\src\Controller\Controller.php(606): App\Controller\PagesController->display('home')
#6 C:\xampp\htdocs\maximess\vendor\cakephp\cakephp\src\Http\ActionDispatcher.php(120): Cake\Controller\Controller->invokeAction()
#7 C:\xampp\htdocs\maximess\vendor\cakephp\cakephp\src\Http\ActionDispatcher.php(94): Cake\Http\ActionDispatcher->_invoke(Object(App\Controller\PagesController))
#8 C:\xampp\htdocs\maximess\vendor\cakephp\cakephp\src\Http\BaseApplication.php(256): Cake\Http\ActionDispatcher->dispatch(Object(Cake\Http\ServerRequest), Object(Cake\Http\Response))
#9 C:\xampp\htdocs\maximess\vendor\cakephp\cakephp\src\Http\Runner.php(65): Cake\Http\BaseApplication->__invoke(Object(Cake\Http\ServerRequest), Object(Cake\Http\Response), Object(Cake\Http\Runner))
#10 C:\xampp\htdocs\maximess\vendor\cakephp\cakephp\src\Http\Runner.php(65): Cake\Http\Runner->__invoke(Object(Cake\Http\ServerRequest), Object(Cake\Http\Response), Object(Cake\Http\Runner))
#11 C:\xampp\htdocs\maximess\vendor\cakephp\cakephp\src\Http\Middleware\CsrfProtectionMiddleware.php(126): Cake\Http\Runner->__invoke(Object(Cake\Http\ServerRequest), Object(Cake\Http\Response))
#12 C:\xampp\htdocs\maximess\vendor\cakephp\cakephp\src\Http\Runner.php(65): Cake\Http\Middleware\CsrfProtectionMiddleware->__invoke(Object(Cake\Http\ServerRequest), Object(Cake\Http\Response), Object(Cake\Http\Runner))
#13 C:\xampp\htdocs\maximess\vendor\cakephp\cakephp\src\Http\Runner.php(51): Cake\Http\Runner->__invoke(Object(Cake\Http\ServerRequest), Object(Cake\Http\Response))
#14 C:\xampp\htdocs\maximess\vendor\cakephp\cakephp\src\Routing\Middleware\RoutingMiddleware.php(170): Cake\Http\Runner->run(Object(Cake\Http\MiddlewareQueue), Object(Cake\Http\ServerRequest), Object(Cake\Http\Response))
#15 C:\xampp\htdocs\maximess\vendor\cakephp\cakephp\src\Http\Runner.php(65): Cake\Routing\Middleware\RoutingMiddleware->__invoke(Object(Cake\Http\ServerRequest), Object(Cake\Http\Response), Object(Cake\Http\Runner))
#16 C:\xampp\htdocs\maximess\vendor\cakephp\cakephp\src\Routing\Middleware\AssetMiddleware.php(88): Cake\Http\Runner->__invoke(Object(Cake\Http\ServerRequest), Object(Cake\Http\Response))
#17 C:\xampp\htdocs\maximess\vendor\cakephp\cakephp\src\Http\Runner.php(65): Cake\Routing\Middleware\AssetMiddleware->__invoke(Object(Cake\Http\ServerRequest), Object(Cake\Http\Response), Object(Cake\Http\Runner))
#18 C:\xampp\htdocs\maximess\vendor\cakephp\cakephp\src\Error\Middleware\ErrorHandlerMiddleware.php(100): Cake\Http\Runner->__invoke(Object(Cake\Http\ServerRequest), Object(Cake\Http\Response))
#19 C:\xampp\htdocs\maximess\vendor\cakephp\cakephp\src\Http\Runner.php(65): Cake\Error\Middleware\ErrorHandlerMiddleware->__invoke(Object(Cake\Http\ServerRequest), Object(Cake\Http\Response), Object(Cake\Http\Runner))
#20 C:\xampp\htdocs\maximess\vendor\cakephp\cakephp\src\Http\Runner.php(51): Cake\Http\Runner->__invoke(Object(Cake\Http\ServerRequest), Object(Cake\Http\Response))
#21 C:\xampp\htdocs\maximess\vendor\cakephp\cakephp\src\Http\Server.php(97): Cake\Http\Runner->run(Object(Cake\Http\MiddlewareQueue), Object(Cake\Http\ServerRequest), Object(Cake\Http\Response))
#22 C:\xampp\htdocs\maximess\webroot\index.php(40): Cake\Http\Server->run()
#23 {main}
Request URL: /


2021-02-16 07:01:44 Error: [Cake\Http\Exception\NotFoundException] Please replace src/Template/Pages/home.ctp with your own version or re-enable debug mode. (C:\xampp\htdocs\maximess\src\Template\Pages\home.ctp:25)
#0 C:\xampp\htdocs\maximess\vendor\cakephp\cakephp\src\View\View.php(1435): include()
#1 C:\xampp\htdocs\maximess\vendor\cakephp\cakephp\src\View\View.php(1393): Cake\View\View->_evaluate('C:\\xampp\\htdocs...', Array)
#2 C:\xampp\htdocs\maximess\vendor\cakephp\cakephp\src\View\View.php(892): Cake\View\View->_render('C:\\xampp\\htdocs...')
#3 C:\xampp\htdocs\maximess\vendor\cakephp\cakephp\src\Controller\Controller.php(791): Cake\View\View->render('home', NULL)
#4 C:\xampp\htdocs\maximess\src\Controller\PagesController.php(60): Cake\Controller\Controller->render('home')
#5 C:\xampp\htdocs\maximess\vendor\cakephp\cakephp\src\Controller\Controller.php(606): App\Controller\PagesController->display('home')
#6 C:\xampp\htdocs\maximess\vendor\cakephp\cakephp\src\Http\ActionDispatcher.php(120): Cake\Controller\Controller->invokeAction()
#7 C:\xampp\htdocs\maximess\vendor\cakephp\cakephp\src\Http\ActionDispatcher.php(94): Cake\Http\ActionDispatcher->_invoke(Object(App\Controller\PagesController))
#8 C:\xampp\htdocs\maximess\vendor\cakephp\cakephp\src\Http\BaseApplication.php(256): Cake\Http\ActionDispatcher->dispatch(Object(Cake\Http\ServerRequest), Object(Cake\Http\Response))
#9 C:\xampp\htdocs\maximess\vendor\cakephp\cakephp\src\Http\Runner.php(65): Cake\Http\BaseApplication->__invoke(Object(Cake\Http\ServerRequest), Object(Cake\Http\Response), Object(Cake\Http\Runner))
#10 C:\xampp\htdocs\maximess\vendor\cakephp\cakephp\src\Http\Runner.php(65): Cake\Http\Runner->__invoke(Object(Cake\Http\ServerRequest), Object(Cake\Http\Response), Object(Cake\Http\Runner))
#11 C:\xampp\htdocs\maximess\vendor\cakephp\cakephp\src\Http\Middleware\CsrfProtectionMiddleware.php(126): Cake\Http\Runner->__invoke(Object(Cake\Http\ServerRequest), Object(Cake\Http\Response))
#12 C:\xampp\htdocs\maximess\vendor\cakephp\cakephp\src\Http\Runner.php(65): Cake\Http\Middleware\CsrfProtectionMiddleware->__invoke(Object(Cake\Http\ServerRequest), Object(Cake\Http\Response), Object(Cake\Http\Runner))
#13 C:\xampp\htdocs\maximess\vendor\cakephp\cakephp\src\Http\Runner.php(51): Cake\Http\Runner->__invoke(Object(Cake\Http\ServerRequest), Object(Cake\Http\Response))
#14 C:\xampp\htdocs\maximess\vendor\cakephp\cakephp\src\Routing\Middleware\RoutingMiddleware.php(170): Cake\Http\Runner->run(Object(Cake\Http\MiddlewareQueue), Object(Cake\Http\ServerRequest), Object(Cake\Http\Response))
#15 C:\xampp\htdocs\maximess\vendor\cakephp\cakephp\src\Http\Runner.php(65): Cake\Routing\Middleware\RoutingMiddleware->__invoke(Object(Cake\Http\ServerRequest), Object(Cake\Http\Response), Object(Cake\Http\Runner))
#16 C:\xampp\htdocs\maximess\vendor\cakephp\cakephp\src\Routing\Middleware\AssetMiddleware.php(88): Cake\Http\Runner->__invoke(Object(Cake\Http\ServerRequest), Object(Cake\Http\Response))
#17 C:\xampp\htdocs\maximess\vendor\cakephp\cakephp\src\Http\Runner.php(65): Cake\Routing\Middleware\AssetMiddleware->__invoke(Object(Cake\Http\ServerRequest), Object(Cake\Http\Response), Object(Cake\Http\Runner))
#18 C:\xampp\htdocs\maximess\vendor\cakephp\cakephp\src\Error\Middleware\ErrorHandlerMiddleware.php(100): Cake\Http\Runner->__invoke(Object(Cake\Http\ServerRequest), Object(Cake\Http\Response))
#19 C:\xampp\htdocs\maximess\vendor\cakephp\cakephp\src\Http\Runner.php(65): Cake\Error\Middleware\ErrorHandlerMiddleware->__invoke(Object(Cake\Http\ServerRequest), Object(Cake\Http\Response), Object(Cake\Http\Runner))
#20 C:\xampp\htdocs\maximess\vendor\cakephp\cakephp\src\Http\Runner.php(51): Cake\Http\Runner->__invoke(Object(Cake\Http\ServerRequest), Object(Cake\Http\Response))
#21 C:\xampp\htdocs\maximess\vendor\cakephp\cakephp\src\Http\Server.php(97): Cake\Http\Runner->run(Object(Cake\Http\MiddlewareQueue), Object(Cake\Http\ServerRequest), Object(Cake\Http\Response))
#22 C:\xampp\htdocs\maximess\webroot\index.php(40): Cake\Http\Server->run()
#23 {main}
Request URL: /


2021-02-16 07:04:24 Error: [Cake\Http\Exception\NotFoundException] Please replace src/Template/Pages/home.ctp with your own version or re-enable debug mode. (C:\xampp\htdocs\maximess\src\Template\Pages\home.ctp:25)
#0 C:\xampp\htdocs\maximess\vendor\cakephp\cakephp\src\View\View.php(1435): include()
#1 C:\xampp\htdocs\maximess\vendor\cakephp\cakephp\src\View\View.php(1393): Cake\View\View->_evaluate('C:\\xampp\\htdocs...', Array)
#2 C:\xampp\htdocs\maximess\vendor\cakephp\cakephp\src\View\View.php(892): Cake\View\View->_render('C:\\xampp\\htdocs...')
#3 C:\xampp\htdocs\maximess\vendor\cakephp\cakephp\src\Controller\Controller.php(791): Cake\View\View->render('home', NULL)
#4 C:\xampp\htdocs\maximess\src\Controller\PagesController.php(60): Cake\Controller\Controller->render('home')
#5 C:\xampp\htdocs\maximess\vendor\cakephp\cakephp\src\Controller\Controller.php(606): App\Controller\PagesController->display('home')
#6 C:\xampp\htdocs\maximess\vendor\cakephp\cakephp\src\Http\ActionDispatcher.php(120): Cake\Controller\Controller->invokeAction()
#7 C:\xampp\htdocs\maximess\vendor\cakephp\cakephp\src\Http\ActionDispatcher.php(94): Cake\Http\ActionDispatcher->_invoke(Object(App\Controller\PagesController))
#8 C:\xampp\htdocs\maximess\vendor\cakephp\cakephp\src\Http\BaseApplication.php(256): Cake\Http\ActionDispatcher->dispatch(Object(Cake\Http\ServerRequest), Object(Cake\Http\Response))
#9 C:\xampp\htdocs\maximess\vendor\cakephp\cakephp\src\Http\Runner.php(65): Cake\Http\BaseApplication->__invoke(Object(Cake\Http\ServerRequest), Object(Cake\Http\Response), Object(Cake\Http\Runner))
#10 C:\xampp\htdocs\maximess\vendor\cakephp\cakephp\src\Http\Runner.php(65): Cake\Http\Runner->__invoke(Object(Cake\Http\ServerRequest), Object(Cake\Http\Response), Object(Cake\Http\Runner))
#11 C:\xampp\htdocs\maximess\vendor\cakephp\cakephp\src\Http\Middleware\CsrfProtectionMiddleware.php(126): Cake\Http\Runner->__invoke(Object(Cake\Http\ServerRequest), Object(Cake\Http\Response))
#12 C:\xampp\htdocs\maximess\vendor\cakephp\cakephp\src\Http\Runner.php(65): Cake\Http\Middleware\CsrfProtectionMiddleware->__invoke(Object(Cake\Http\ServerRequest), Object(Cake\Http\Response), Object(Cake\Http\Runner))
#13 C:\xampp\htdocs\maximess\vendor\cakephp\cakephp\src\Http\Runner.php(51): Cake\Http\Runner->__invoke(Object(Cake\Http\ServerRequest), Object(Cake\Http\Response))
#14 C:\xampp\htdocs\maximess\vendor\cakephp\cakephp\src\Routing\Middleware\RoutingMiddleware.php(170): Cake\Http\Runner->run(Object(Cake\Http\MiddlewareQueue), Object(Cake\Http\ServerRequest), Object(Cake\Http\Response))
#15 C:\xampp\htdocs\maximess\vendor\cakephp\cakephp\src\Http\Runner.php(65): Cake\Routing\Middleware\RoutingMiddleware->__invoke(Object(Cake\Http\ServerRequest), Object(Cake\Http\Response), Object(Cake\Http\Runner))
#16 C:\xampp\htdocs\maximess\vendor\cakephp\cakephp\src\Routing\Middleware\AssetMiddleware.php(88): Cake\Http\Runner->__invoke(Object(Cake\Http\ServerRequest), Object(Cake\Http\Response))
#17 C:\xampp\htdocs\maximess\vendor\cakephp\cakephp\src\Http\Runner.php(65): Cake\Routing\Middleware\AssetMiddleware->__invoke(Object(Cake\Http\ServerRequest), Object(Cake\Http\Response), Object(Cake\Http\Runner))
#18 C:\xampp\htdocs\maximess\vendor\cakephp\cakephp\src\Error\Middleware\ErrorHandlerMiddleware.php(100): Cake\Http\Runner->__invoke(Object(Cake\Http\ServerRequest), Object(Cake\Http\Response))
#19 C:\xampp\htdocs\maximess\vendor\cakephp\cakephp\src\Http\Runner.php(65): Cake\Error\Middleware\ErrorHandlerMiddleware->__invoke(Object(Cake\Http\ServerRequest), Object(Cake\Http\Response), Object(Cake\Http\Runner))
#20 C:\xampp\htdocs\maximess\vendor\cakephp\cakephp\src\Http\Runner.php(51): Cake\Http\Runner->__invoke(Object(Cake\Http\ServerRequest), Object(Cake\Http\Response))
#21 C:\xampp\htdocs\maximess\vendor\cakephp\cakephp\src\Http\Server.php(97): Cake\Http\Runner->run(Object(Cake\Http\MiddlewareQueue), Object(Cake\Http\ServerRequest), Object(Cake\Http\Response))
#22 C:\xampp\htdocs\maximess\webroot\index.php(40): Cake\Http\Server->run()
#23 {main}
Request URL: /


2021-02-16 07:05:20 Error: [Cake\Http\Exception\NotFoundException] Please replace src/Template/Pages/home.ctp with your own version or re-enable debug mode. (C:\xampp\htdocs\maximess\src\Template\Pages\home.ctp:25)
#0 C:\xampp\htdocs\maximess\vendor\cakephp\cakephp\src\View\View.php(1435): include()
#1 C:\xampp\htdocs\maximess\vendor\cakephp\cakephp\src\View\View.php(1393): Cake\View\View->_evaluate('C:\\xampp\\htdocs...', Array)
#2 C:\xampp\htdocs\maximess\vendor\cakephp\cakephp\src\View\View.php(892): Cake\View\View->_render('C:\\xampp\\htdocs...')
#3 C:\xampp\htdocs\maximess\vendor\cakephp\cakephp\src\Controller\Controller.php(791): Cake\View\View->render('home', NULL)
#4 C:\xampp\htdocs\maximess\src\Controller\PagesController.php(60): Cake\Controller\Controller->render('home')
#5 C:\xampp\htdocs\maximess\vendor\cakephp\cakephp\src\Controller\Controller.php(606): App\Controller\PagesController->display('home')
#6 C:\xampp\htdocs\maximess\vendor\cakephp\cakephp\src\Http\ActionDispatcher.php(120): Cake\Controller\Controller->invokeAction()
#7 C:\xampp\htdocs\maximess\vendor\cakephp\cakephp\src\Http\ActionDispatcher.php(94): Cake\Http\ActionDispatcher->_invoke(Object(App\Controller\PagesController))
#8 C:\xampp\htdocs\maximess\vendor\cakephp\cakephp\src\Http\BaseApplication.php(256): Cake\Http\ActionDispatcher->dispatch(Object(Cake\Http\ServerRequest), Object(Cake\Http\Response))
#9 C:\xampp\htdocs\maximess\vendor\cakephp\cakephp\src\Http\Runner.php(65): Cake\Http\BaseApplication->__invoke(Object(Cake\Http\ServerRequest), Object(Cake\Http\Response), Object(Cake\Http\Runner))
#10 C:\xampp\htdocs\maximess\vendor\cakephp\cakephp\src\Http\Runner.php(65): Cake\Http\Runner->__invoke(Object(Cake\Http\ServerRequest), Object(Cake\Http\Response), Object(Cake\Http\Runner))
#11 C:\xampp\htdocs\maximess\vendor\cakephp\cakephp\src\Http\Middleware\CsrfProtectionMiddleware.php(126): Cake\Http\Runner->__invoke(Object(Cake\Http\ServerRequest), Object(Cake\Http\Response))
#12 C:\xampp\htdocs\maximess\vendor\cakephp\cakephp\src\Http\Runner.php(65): Cake\Http\Middleware\CsrfProtectionMiddleware->__invoke(Object(Cake\Http\ServerRequest), Object(Cake\Http\Response), Object(Cake\Http\Runner))
#13 C:\xampp\htdocs\maximess\vendor\cakephp\cakephp\src\Http\Runner.php(51): Cake\Http\Runner->__invoke(Object(Cake\Http\ServerRequest), Object(Cake\Http\Response))
#14 C:\xampp\htdocs\maximess\vendor\cakephp\cakephp\src\Routing\Middleware\RoutingMiddleware.php(170): Cake\Http\Runner->run(Object(Cake\Http\MiddlewareQueue), Object(Cake\Http\ServerRequest), Object(Cake\Http\Response))
#15 C:\xampp\htdocs\maximess\vendor\cakephp\cakephp\src\Http\Runner.php(65): Cake\Routing\Middleware\RoutingMiddleware->__invoke(Object(Cake\Http\ServerRequest), Object(Cake\Http\Response), Object(Cake\Http\Runner))
#16 C:\xampp\htdocs\maximess\vendor\cakephp\cakephp\src\Routing\Middleware\AssetMiddleware.php(88): Cake\Http\Runner->__invoke(Object(Cake\Http\ServerRequest), Object(Cake\Http\Response))
#17 C:\xampp\htdocs\maximess\vendor\cakephp\cakephp\src\Http\Runner.php(65): Cake\Routing\Middleware\AssetMiddleware->__invoke(Object(Cake\Http\ServerRequest), Object(Cake\Http\Response), Object(Cake\Http\Runner))
#18 C:\xampp\htdocs\maximess\vendor\cakephp\cakephp\src\Error\Middleware\ErrorHandlerMiddleware.php(100): Cake\Http\Runner->__invoke(Object(Cake\Http\ServerRequest), Object(Cake\Http\Response))
#19 C:\xampp\htdocs\maximess\vendor\cakephp\cakephp\src\Http\Runner.php(65): Cake\Error\Middleware\ErrorHandlerMiddleware->__invoke(Object(Cake\Http\ServerRequest), Object(Cake\Http\Response), Object(Cake\Http\Runner))
#20 C:\xampp\htdocs\maximess\vendor\cakephp\cakephp\src\Http\Runner.php(51): Cake\Http\Runner->__invoke(Object(Cake\Http\ServerRequest), Object(Cake\Http\Response))
#21 C:\xampp\htdocs\maximess\vendor\cakephp\cakephp\src\Http\Server.php(97): Cake\Http\Runner->run(Object(Cake\Http\MiddlewareQueue), Object(Cake\Http\ServerRequest), Object(Cake\Http\Response))
#22 C:\xampp\htdocs\maximess\webroot\index.php(40): Cake\Http\Server->run()
#23 {main}
Request URL: /


2021-02-16 07:11:49 Error: [Cake\Controller\Exception\MissingActionException] Action UsersController::login() could not be found, or is not accessible. (C:\xampp\htdocs\maximess\vendor\cakephp\cakephp\src\Controller\Controller.php:596)
Exception Attributes: array (
  'controller' => 'UsersController',
  'action' => 'login',
  'prefix' => '',
  'plugin' => false,
)
#0 C:\xampp\htdocs\maximess\vendor\cakephp\cakephp\src\Http\ActionDispatcher.php(120): Cake\Controller\Controller->invokeAction()
#1 C:\xampp\htdocs\maximess\vendor\cakephp\cakephp\src\Http\ActionDispatcher.php(94): Cake\Http\ActionDispatcher->_invoke(Object(App\Controller\UsersController))
#2 C:\xampp\htdocs\maximess\vendor\cakephp\cakephp\src\Http\BaseApplication.php(256): Cake\Http\ActionDispatcher->dispatch(Object(Cake\Http\ServerRequest), Object(Cake\Http\Response))
#3 C:\xampp\htdocs\maximess\vendor\cakephp\cakephp\src\Http\Runner.php(65): Cake\Http\BaseApplication->__invoke(Object(Cake\Http\ServerRequest), Object(Cake\Http\Response), Object(Cake\Http\Runner))
#4 C:\xampp\htdocs\maximess\vendor\cakephp\cakephp\src\Http\Runner.php(65): Cake\Http\Runner->__invoke(Object(Cake\Http\ServerRequest), Object(Cake\Http\Response), Object(Cake\Http\Runner))
#5 C:\xampp\htdocs\maximess\vendor\cakephp\cakephp\src\Http\Middleware\CsrfProtectionMiddleware.php(126): Cake\Http\Runner->__invoke(Object(Cake\Http\ServerRequest), Object(Cake\Http\Response))
#6 C:\xampp\htdocs\maximess\vendor\cakephp\cakephp\src\Http\Runner.php(65): Cake\Http\Middleware\CsrfProtectionMiddleware->__invoke(Object(Cake\Http\ServerRequest), Object(Cake\Http\Response), Object(Cake\Http\Runner))
#7 C:\xampp\htdocs\maximess\vendor\cakephp\cakephp\src\Http\Runner.php(51): Cake\Http\Runner->__invoke(Object(Cake\Http\ServerRequest), Object(Cake\Http\Response))
#8 C:\xampp\htdocs\maximess\vendor\cakephp\cakephp\src\Routing\Middleware\RoutingMiddleware.php(170): Cake\Http\Runner->run(Object(Cake\Http\MiddlewareQueue), Object(Cake\Http\ServerRequest), Object(Cake\Http\Response))
#9 C:\xampp\htdocs\maximess\vendor\cakephp\cakephp\src\Http\Runner.php(65): Cake\Routing\Middleware\RoutingMiddleware->__invoke(Object(Cake\Http\ServerRequest), Object(Cake\Http\Response), Object(Cake\Http\Runner))
#10 C:\xampp\htdocs\maximess\vendor\cakephp\cakephp\src\Routing\Middleware\AssetMiddleware.php(88): Cake\Http\Runner->__invoke(Object(Cake\Http\ServerRequest), Object(Cake\Http\Response))
#11 C:\xampp\htdocs\maximess\vendor\cakephp\cakephp\src\Http\Runner.php(65): Cake\Routing\Middleware\AssetMiddleware->__invoke(Object(Cake\Http\ServerRequest), Object(Cake\Http\Response), Object(Cake\Http\Runner))
#12 C:\xampp\htdocs\maximess\vendor\cakephp\cakephp\src\Error\Middleware\ErrorHandlerMiddleware.php(100): Cake\Http\Runner->__invoke(Object(Cake\Http\ServerRequest), Object(Cake\Http\Response))
#13 C:\xampp\htdocs\maximess\vendor\cakephp\cakephp\src\Http\Runner.php(65): Cake\Error\Middleware\ErrorHandlerMiddleware->__invoke(Object(Cake\Http\ServerRequest), Object(Cake\Http\Response), Object(Cake\Http\Runner))
#14 C:\xampp\htdocs\maximess\vendor\cakephp\debug_kit\src\Middleware\DebugKitMiddleware.php(53): Cake\Http\Runner->__invoke(Object(Cake\Http\ServerRequest), Object(Cake\Http\Response))
#15 C:\xampp\htdocs\maximess\vendor\cakephp\cakephp\src\Http\Runner.php(65): DebugKit\Middleware\DebugKitMiddleware->__invoke(Object(Cake\Http\ServerRequest), Object(Cake\Http\Response), Object(Cake\Http\Runner))
#16 C:\xampp\htdocs\maximess\vendor\cakephp\cakephp\src\Http\Runner.php(51): Cake\Http\Runner->__invoke(Object(Cake\Http\ServerRequest), Object(Cake\Http\Response))
#17 C:\xampp\htdocs\maximess\vendor\cakephp\cakephp\src\Http\Server.php(97): Cake\Http\Runner->run(Object(Cake\Http\MiddlewareQueue), Object(Cake\Http\ServerRequest), Object(Cake\Http\Response))
#18 C:\xampp\htdocs\maximess\webroot\index.php(40): Cake\Http\Server->run()
#19 {main}
Request URL: /users/login


2021-02-16 07:27:29 Error: [Cake\View\Exception\MissingLayoutException] Layout file "Layout\login.ctp" is missing. (C:\xampp\htdocs\maximess\vendor\cakephp\cakephp\src\View\View.php:1699)
Exception Attributes: array (
  'file' => 'Layout\\login.ctp',
)
#0 C:\xampp\htdocs\maximess\vendor\cakephp\cakephp\src\View\View.php(921): Cake\View\View->_getLayoutFileName('login')
#1 C:\xampp\htdocs\maximess\vendor\cakephp\cakephp\src\View\View.php(897): Cake\View\View->renderLayout('', 'login')
#2 C:\xampp\htdocs\maximess\vendor\cakephp\cakephp\src\Controller\Controller.php(791): Cake\View\View->render(NULL, NULL)
#3 C:\xampp\htdocs\maximess\vendor\cakephp\cakephp\src\Http\ActionDispatcher.php(126): Cake\Controller\Controller->render()
#4 C:\xampp\htdocs\maximess\vendor\cakephp\cakephp\src\Http\ActionDispatcher.php(94): Cake\Http\ActionDispatcher->_invoke(Object(App\Controller\UsersController))
#5 C:\xampp\htdocs\maximess\vendor\cakephp\cakephp\src\Http\BaseApplication.php(256): Cake\Http\ActionDispatcher->dispatch(Object(Cake\Http\ServerRequest), Object(Cake\Http\Response))
#6 C:\xampp\htdocs\maximess\vendor\cakephp\cakephp\src\Http\Runner.php(65): Cake\Http\BaseApplication->__invoke(Object(Cake\Http\ServerRequest), Object(Cake\Http\Response), Object(Cake\Http\Runner))
#7 C:\xampp\htdocs\maximess\vendor\cakephp\cakephp\src\Http\Runner.php(65): Cake\Http\Runner->__invoke(Object(Cake\Http\ServerRequest), Object(Cake\Http\Response), Object(Cake\Http\Runner))
#8 C:\xampp\htdocs\maximess\vendor\cakephp\cakephp\src\Http\Middleware\CsrfProtectionMiddleware.php(126): Cake\Http\Runner->__invoke(Object(Cake\Http\ServerRequest), Object(Cake\Http\Response))
#9 C:\xampp\htdocs\maximess\vendor\cakephp\cakephp\src\Http\Runner.php(65): Cake\Http\Middleware\CsrfProtectionMiddleware->__invoke(Object(Cake\Http\ServerRequest), Object(Cake\Http\Response), Object(Cake\Http\Runner))
#10 C:\xampp\htdocs\maximess\vendor\cakephp\cakephp\src\Http\Runner.php(51): Cake\Http\Runner->__invoke(Object(Cake\Http\ServerRequest), Object(Cake\Http\Response))
#11 C:\xampp\htdocs\maximess\vendor\cakephp\cakephp\src\Routing\Middleware\RoutingMiddleware.php(170): Cake\Http\Runner->run(Object(Cake\Http\MiddlewareQueue), Object(Cake\Http\ServerRequest), Object(Cake\Http\Response))
#12 C:\xampp\htdocs\maximess\vendor\cakephp\cakephp\src\Http\Runner.php(65): Cake\Routing\Middleware\RoutingMiddleware->__invoke(Object(Cake\Http\ServerRequest), Object(Cake\Http\Response), Object(Cake\Http\Runner))
#13 C:\xampp\htdocs\maximess\vendor\cakephp\cakephp\src\Routing\Middleware\AssetMiddleware.php(88): Cake\Http\Runner->__invoke(Object(Cake\Http\ServerRequest), Object(Cake\Http\Response))
#14 C:\xampp\htdocs\maximess\vendor\cakephp\cakephp\src\Http\Runner.php(65): Cake\Routing\Middleware\AssetMiddleware->__invoke(Object(Cake\Http\ServerRequest), Object(Cake\Http\Response), Object(Cake\Http\Runner))
#15 C:\xampp\htdocs\maximess\vendor\cakephp\cakephp\src\Error\Middleware\ErrorHandlerMiddleware.php(100): Cake\Http\Runner->__invoke(Object(Cake\Http\ServerRequest), Object(Cake\Http\Response))
#16 C:\xampp\htdocs\maximess\vendor\cakephp\cakephp\src\Http\Runner.php(65): Cake\Error\Middleware\ErrorHandlerMiddleware->__invoke(Object(Cake\Http\ServerRequest), Object(Cake\Http\Response), Object(Cake\Http\Runner))
#17 C:\xampp\htdocs\maximess\vendor\cakephp\debug_kit\src\Middleware\DebugKitMiddleware.php(53): Cake\Http\Runner->__invoke(Object(Cake\Http\ServerRequest), Object(Cake\Http\Response))
#18 C:\xampp\htdocs\maximess\vendor\cakephp\cakephp\src\Http\Runner.php(65): DebugKit\Middleware\DebugKitMiddleware->__invoke(Object(Cake\Http\ServerRequest), Object(Cake\Http\Response), Object(Cake\Http\Runner))
#19 C:\xampp\htdocs\maximess\vendor\cakephp\cakephp\src\Http\Runner.php(51): Cake\Http\Runner->__invoke(Object(Cake\Http\ServerRequest), Object(Cake\Http\Response))
#20 C:\xampp\htdocs\maximess\vendor\cakephp\cakephp\src\Http\Server.php(97): Cake\Http\Runner->run(Object(Cake\Http\MiddlewareQueue), Object(Cake\Http\ServerRequest), Object(Cake\Http\Response))
#21 C:\xampp\htdocs\maximess\webroot\index.php(40): Cake\Http\Server->run()
#22 {main}
Request URL: /users/login?redirect=%2Fusers


2021-02-16 07:27:32 Error: [Cake\View\Exception\MissingLayoutException] Layout file "Layout\login.ctp" is missing. (C:\xampp\htdocs\maximess\vendor\cakephp\cakephp\src\View\View.php:1699)
Exception Attributes: array (
  'file' => 'Layout\\login.ctp',
)
#0 C:\xampp\htdocs\maximess\vendor\cakephp\cakephp\src\View\View.php(921): Cake\View\View->_getLayoutFileName('login')
#1 C:\xampp\htdocs\maximess\vendor\cakephp\cakephp\src\View\View.php(897): Cake\View\View->renderLayout('', 'login')
#2 C:\xampp\htdocs\maximess\vendor\cakephp\cakephp\src\Controller\Controller.php(791): Cake\View\View->render(NULL, NULL)
#3 C:\xampp\htdocs\maximess\vendor\cakephp\cakephp\src\Http\ActionDispatcher.php(126): Cake\Controller\Controller->render()
#4 C:\xampp\htdocs\maximess\vendor\cakephp\cakephp\src\Http\ActionDispatcher.php(94): Cake\Http\ActionDispatcher->_invoke(Object(App\Controller\UsersController))
#5 C:\xampp\htdocs\maximess\vendor\cakephp\cakephp\src\Http\BaseApplication.php(256): Cake\Http\ActionDispatcher->dispatch(Object(Cake\Http\ServerRequest), Object(Cake\Http\Response))
#6 C:\xampp\htdocs\maximess\vendor\cakephp\cakephp\src\Http\Runner.php(65): Cake\Http\BaseApplication->__invoke(Object(Cake\Http\ServerRequest), Object(Cake\Http\Response), Object(Cake\Http\Runner))
#7 C:\xampp\htdocs\maximess\vendor\cakephp\cakephp\src\Http\Runner.php(65): Cake\Http\Runner->__invoke(Object(Cake\Http\ServerRequest), Object(Cake\Http\Response), Object(Cake\Http\Runner))
#8 C:\xampp\htdocs\maximess\vendor\cakephp\cakephp\src\Http\Middleware\CsrfProtectionMiddleware.php(126): Cake\Http\Runner->__invoke(Object(Cake\Http\ServerRequest), Object(Cake\Http\Response))
#9 C:\xampp\htdocs\maximess\vendor\cakephp\cakephp\src\Http\Runner.php(65): Cake\Http\Middleware\CsrfProtectionMiddleware->__invoke(Object(Cake\Http\ServerRequest), Object(Cake\Http\Response), Object(Cake\Http\Runner))
#10 C:\xampp\htdocs\maximess\vendor\cakephp\cakephp\src\Http\Runner.php(51): Cake\Http\Runner->__invoke(Object(Cake\Http\ServerRequest), Object(Cake\Http\Response))
#11 C:\xampp\htdocs\maximess\vendor\cakephp\cakephp\src\Routing\Middleware\RoutingMiddleware.php(170): Cake\Http\Runner->run(Object(Cake\Http\MiddlewareQueue), Object(Cake\Http\ServerRequest), Object(Cake\Http\Response))
#12 C:\xampp\htdocs\maximess\vendor\cakephp\cakephp\src\Http\Runner.php(65): Cake\Routing\Middleware\RoutingMiddleware->__invoke(Object(Cake\Http\ServerRequest), Object(Cake\Http\Response), Object(Cake\Http\Runner))
#13 C:\xampp\htdocs\maximess\vendor\cakephp\cakephp\src\Routing\Middleware\AssetMiddleware.php(88): Cake\Http\Runner->__invoke(Object(Cake\Http\ServerRequest), Object(Cake\Http\Response))
#14 C:\xampp\htdocs\maximess\vendor\cakephp\cakephp\src\Http\Runner.php(65): Cake\Routing\Middleware\AssetMiddleware->__invoke(Object(Cake\Http\ServerRequest), Object(Cake\Http\Response), Object(Cake\Http\Runner))
#15 C:\xampp\htdocs\maximess\vendor\cakephp\cakephp\src\Error\Middleware\ErrorHandlerMiddleware.php(100): Cake\Http\Runner->__invoke(Object(Cake\Http\ServerRequest), Object(Cake\Http\Response))
#16 C:\xampp\htdocs\maximess\vendor\cakephp\cakephp\src\Http\Runner.php(65): Cake\Error\Middleware\ErrorHandlerMiddleware->__invoke(Object(Cake\Http\ServerRequest), Object(Cake\Http\Response), Object(Cake\Http\Runner))
#17 C:\xampp\htdocs\maximess\vendor\cakephp\debug_kit\src\Middleware\DebugKitMiddleware.php(53): Cake\Http\Runner->__invoke(Object(Cake\Http\ServerRequest), Object(Cake\Http\Response))
#18 C:\xampp\htdocs\maximess\vendor\cakephp\cakephp\src\Http\Runner.php(65): DebugKit\Middleware\DebugKitMiddleware->__invoke(Object(Cake\Http\ServerRequest), Object(Cake\Http\Response), Object(Cake\Http\Runner))
#19 C:\xampp\htdocs\maximess\vendor\cakephp\cakephp\src\Http\Runner.php(51): Cake\Http\Runner->__invoke(Object(Cake\Http\ServerRequest), Object(Cake\Http\Response))
#20 C:\xampp\htdocs\maximess\vendor\cakephp\cakephp\src\Http\Server.php(97): Cake\Http\Runner->run(Object(Cake\Http\MiddlewareQueue), Object(Cake\Http\ServerRequest), Object(Cake\Http\Response))
#21 C:\xampp\htdocs\maximess\webroot\index.php(40): Cake\Http\Server->run()
#22 {main}
Request URL: /users/login


2021-02-16 07:29:33 Error: [Cake\View\Exception\MissingLayoutException] Layout file "Layout\login.ctp" is missing. (C:\xampp\htdocs\maximess\vendor\cakephp\cakephp\src\View\View.php:1699)
Exception Attributes: array (
  'file' => 'Layout\\login.ctp',
)
#0 C:\xampp\htdocs\maximess\vendor\cakephp\cakephp\src\View\View.php(921): Cake\View\View->_getLayoutFileName('login')
#1 C:\xampp\htdocs\maximess\vendor\cakephp\cakephp\src\View\View.php(897): Cake\View\View->renderLayout('', 'login')
#2 C:\xampp\htdocs\maximess\vendor\cakephp\cakephp\src\Controller\Controller.php(791): Cake\View\View->render(NULL, NULL)
#3 C:\xampp\htdocs\maximess\vendor\cakephp\cakephp\src\Http\ActionDispatcher.php(126): Cake\Controller\Controller->render()
#4 C:\xampp\htdocs\maximess\vendor\cakephp\cakephp\src\Http\ActionDispatcher.php(94): Cake\Http\ActionDispatcher->_invoke(Object(App\Controller\UsersController))
#5 C:\xampp\htdocs\maximess\vendor\cakephp\cakephp\src\Http\BaseApplication.php(256): Cake\Http\ActionDispatcher->dispatch(Object(Cake\Http\ServerRequest), Object(Cake\Http\Response))
#6 C:\xampp\htdocs\maximess\vendor\cakephp\cakephp\src\Http\Runner.php(65): Cake\Http\BaseApplication->__invoke(Object(Cake\Http\ServerRequest), Object(Cake\Http\Response), Object(Cake\Http\Runner))
#7 C:\xampp\htdocs\maximess\vendor\cakephp\cakephp\src\Http\Runner.php(65): Cake\Http\Runner->__invoke(Object(Cake\Http\ServerRequest), Object(Cake\Http\Response), Object(Cake\Http\Runner))
#8 C:\xampp\htdocs\maximess\vendor\cakephp\cakephp\src\Http\Middleware\CsrfProtectionMiddleware.php(126): Cake\Http\Runner->__invoke(Object(Cake\Http\ServerRequest), Object(Cake\Http\Response))
#9 C:\xampp\htdocs\maximess\vendor\cakephp\cakephp\src\Http\Runner.php(65): Cake\Http\Middleware\CsrfProtectionMiddleware->__invoke(Object(Cake\Http\ServerRequest), Object(Cake\Http\Response), Object(Cake\Http\Runner))
#10 C:\xampp\htdocs\maximess\vendor\cakephp\cakephp\src\Http\Runner.php(51): Cake\Http\Runner->__invoke(Object(Cake\Http\ServerRequest), Object(Cake\Http\Response))
#11 C:\xampp\htdocs\maximess\vendor\cakephp\cakephp\src\Routing\Middleware\RoutingMiddleware.php(170): Cake\Http\Runner->run(Object(Cake\Http\MiddlewareQueue), Object(Cake\Http\ServerRequest), Object(Cake\Http\Response))
#12 C:\xampp\htdocs\maximess\vendor\cakephp\cakephp\src\Http\Runner.php(65): Cake\Routing\Middleware\RoutingMiddleware->__invoke(Object(Cake\Http\ServerRequest), Object(Cake\Http\Response), Object(Cake\Http\Runner))
#13 C:\xampp\htdocs\maximess\vendor\cakephp\cakephp\src\Routing\Middleware\AssetMiddleware.php(88): Cake\Http\Runner->__invoke(Object(Cake\Http\ServerRequest), Object(Cake\Http\Response))
#14 C:\xampp\htdocs\maximess\vendor\cakephp\cakephp\src\Http\Runner.php(65): Cake\Routing\Middleware\AssetMiddleware->__invoke(Object(Cake\Http\ServerRequest), Object(Cake\Http\Response), Object(Cake\Http\Runner))
#15 C:\xampp\htdocs\maximess\vendor\cakephp\cakephp\src\Error\Middleware\ErrorHandlerMiddleware.php(100): Cake\Http\Runner->__invoke(Object(Cake\Http\ServerRequest), Object(Cake\Http\Response))
#16 C:\xampp\htdocs\maximess\vendor\cakephp\cakephp\src\Http\Runner.php(65): Cake\Error\Middleware\ErrorHandlerMiddleware->__invoke(Object(Cake\Http\ServerRequest), Object(Cake\Http\Response), Object(Cake\Http\Runner))
#17 C:\xampp\htdocs\maximess\vendor\cakephp\debug_kit\src\Middleware\DebugKitMiddleware.php(53): Cake\Http\Runner->__invoke(Object(Cake\Http\ServerRequest), Object(Cake\Http\Response))
#18 C:\xampp\htdocs\maximess\vendor\cakephp\cakephp\src\Http\Runner.php(65): DebugKit\Middleware\DebugKitMiddleware->__invoke(Object(Cake\Http\ServerRequest), Object(Cake\Http\Response), Object(Cake\Http\Runner))
#19 C:\xampp\htdocs\maximess\vendor\cakephp\cakephp\src\Http\Runner.php(51): Cake\Http\Runner->__invoke(Object(Cake\Http\ServerRequest), Object(Cake\Http\Response))
#20 C:\xampp\htdocs\maximess\vendor\cakephp\cakephp\src\Http\Server.php(97): Cake\Http\Runner->run(Object(Cake\Http\MiddlewareQueue), Object(Cake\Http\ServerRequest), Object(Cake\Http\Response))
#21 C:\xampp\htdocs\maximess\webroot\index.php(40): Cake\Http\Server->run()
#22 {main}
Request URL: /users/login


2021-02-16 07:54:51 Error: [Cake\Routing\Exception\MissingControllerException] Controller class Login could not be found. (C:\xampp\htdocs\maximess\vendor\cakephp\cakephp\src\Http\ControllerFactory.php:105)
Exception Attributes: array (
  'class' => 'Login',
  'plugin' => false,
  'prefix' => false,
  '_ext' => false,
)
#0 C:\xampp\htdocs\maximess\vendor\cakephp\cakephp\src\Http\ControllerFactory.php(39): Cake\Http\ControllerFactory->missingController(Object(Cake\Http\ServerRequest))
#1 C:\xampp\htdocs\maximess\vendor\cakephp\cakephp\src\Http\ActionDispatcher.php(91): Cake\Http\ControllerFactory->create(Object(Cake\Http\ServerRequest), Object(Cake\Http\Response))
#2 C:\xampp\htdocs\maximess\vendor\cakephp\cakephp\src\Http\BaseApplication.php(256): Cake\Http\ActionDispatcher->dispatch(Object(Cake\Http\ServerRequest), Object(Cake\Http\Response))
#3 C:\xampp\htdocs\maximess\vendor\cakephp\cakephp\src\Http\Runner.php(65): Cake\Http\BaseApplication->__invoke(Object(Cake\Http\ServerRequest), Object(Cake\Http\Response), Object(Cake\Http\Runner))
#4 C:\xampp\htdocs\maximess\vendor\cakephp\cakephp\src\Http\Runner.php(65): Cake\Http\Runner->__invoke(Object(Cake\Http\ServerRequest), Object(Cake\Http\Response), Object(Cake\Http\Runner))
#5 C:\xampp\htdocs\maximess\vendor\cakephp\cakephp\src\Http\Middleware\CsrfProtectionMiddleware.php(126): Cake\Http\Runner->__invoke(Object(Cake\Http\ServerRequest), Object(Cake\Http\Response))
#6 C:\xampp\htdocs\maximess\vendor\cakephp\cakephp\src\Http\Runner.php(65): Cake\Http\Middleware\CsrfProtectionMiddleware->__invoke(Object(Cake\Http\ServerRequest), Object(Cake\Http\Response), Object(Cake\Http\Runner))
#7 C:\xampp\htdocs\maximess\vendor\cakephp\cakephp\src\Http\Runner.php(51): Cake\Http\Runner->__invoke(Object(Cake\Http\ServerRequest), Object(Cake\Http\Response))
#8 C:\xampp\htdocs\maximess\vendor\cakephp\cakephp\src\Routing\Middleware\RoutingMiddleware.php(170): Cake\Http\Runner->run(Object(Cake\Http\MiddlewareQueue), Object(Cake\Http\ServerRequest), Object(Cake\Http\Response))
#9 C:\xampp\htdocs\maximess\vendor\cakephp\cakephp\src\Http\Runner.php(65): Cake\Routing\Middleware\RoutingMiddleware->__invoke(Object(Cake\Http\ServerRequest), Object(Cake\Http\Response), Object(Cake\Http\Runner))
#10 C:\xampp\htdocs\maximess\vendor\cakephp\cakephp\src\Routing\Middleware\AssetMiddleware.php(88): Cake\Http\Runner->__invoke(Object(Cake\Http\ServerRequest), Object(Cake\Http\Response))
#11 C:\xampp\htdocs\maximess\vendor\cakephp\cakephp\src\Http\Runner.php(65): Cake\Routing\Middleware\AssetMiddleware->__invoke(Object(Cake\Http\ServerRequest), Object(Cake\Http\Response), Object(Cake\Http\Runner))
#12 C:\xampp\htdocs\maximess\vendor\cakephp\cakephp\src\Error\Middleware\ErrorHandlerMiddleware.php(100): Cake\Http\Runner->__invoke(Object(Cake\Http\ServerRequest), Object(Cake\Http\Response))
#13 C:\xampp\htdocs\maximess\vendor\cakephp\cakephp\src\Http\Runner.php(65): Cake\Error\Middleware\ErrorHandlerMiddleware->__invoke(Object(Cake\Http\ServerRequest), Object(Cake\Http\Response), Object(Cake\Http\Runner))
#14 C:\xampp\htdocs\maximess\vendor\cakephp\debug_kit\src\Middleware\DebugKitMiddleware.php(53): Cake\Http\Runner->__invoke(Object(Cake\Http\ServerRequest), Object(Cake\Http\Response))
#15 C:\xampp\htdocs\maximess\vendor\cakephp\cakephp\src\Http\Runner.php(65): DebugKit\Middleware\DebugKitMiddleware->__invoke(Object(Cake\Http\ServerRequest), Object(Cake\Http\Response), Object(Cake\Http\Runner))
#16 C:\xampp\htdocs\maximess\vendor\cakephp\cakephp\src\Http\Runner.php(51): Cake\Http\Runner->__invoke(Object(Cake\Http\ServerRequest), Object(Cake\Http\Response))
#17 C:\xampp\htdocs\maximess\vendor\cakephp\cakephp\src\Http\Server.php(97): Cake\Http\Runner->run(Object(Cake\Http\MiddlewareQueue), Object(Cake\Http\ServerRequest), Object(Cake\Http\Response))
#18 C:\xampp\htdocs\maximess\webroot\index.php(40): Cake\Http\Server->run()
#19 {main}
Request URL: /login


2021-02-16 07:56:27 Error: [Cake\Controller\Exception\MissingActionException] Action PostsController::users() could not be found, or is not accessible. (C:\xampp\htdocs\maximess\vendor\cakephp\cakephp\src\Controller\Controller.php:596)
Exception Attributes: array (
  'controller' => 'PostsController',
  'action' => 'users',
  'prefix' => '',
  'plugin' => false,
)
#0 C:\xampp\htdocs\maximess\vendor\cakephp\cakephp\src\Http\ActionDispatcher.php(120): Cake\Controller\Controller->invokeAction()
#1 C:\xampp\htdocs\maximess\vendor\cakephp\cakephp\src\Http\ActionDispatcher.php(94): Cake\Http\ActionDispatcher->_invoke(Object(App\Controller\PostsController))
#2 C:\xampp\htdocs\maximess\vendor\cakephp\cakephp\src\Http\BaseApplication.php(256): Cake\Http\ActionDispatcher->dispatch(Object(Cake\Http\ServerRequest), Object(Cake\Http\Response))
#3 C:\xampp\htdocs\maximess\vendor\cakephp\cakephp\src\Http\Runner.php(65): Cake\Http\BaseApplication->__invoke(Object(Cake\Http\ServerRequest), Object(Cake\Http\Response), Object(Cake\Http\Runner))
#4 C:\xampp\htdocs\maximess\vendor\cakephp\cakephp\src\Http\Runner.php(65): Cake\Http\Runner->__invoke(Object(Cake\Http\ServerRequest), Object(Cake\Http\Response), Object(Cake\Http\Runner))
#5 C:\xampp\htdocs\maximess\vendor\cakephp\cakephp\src\Http\Middleware\CsrfProtectionMiddleware.php(126): Cake\Http\Runner->__invoke(Object(Cake\Http\ServerRequest), Object(Cake\Http\Response))
#6 C:\xampp\htdocs\maximess\vendor\cakephp\cakephp\src\Http\Runner.php(65): Cake\Http\Middleware\CsrfProtectionMiddleware->__invoke(Object(Cake\Http\ServerRequest), Object(Cake\Http\Response), Object(Cake\Http\Runner))
#7 C:\xampp\htdocs\maximess\vendor\cakephp\cakephp\src\Http\Runner.php(51): Cake\Http\Runner->__invoke(Object(Cake\Http\ServerRequest), Object(Cake\Http\Response))
#8 C:\xampp\htdocs\maximess\vendor\cakephp\cakephp\src\Routing\Middleware\RoutingMiddleware.php(170): Cake\Http\Runner->run(Object(Cake\Http\MiddlewareQueue), Object(Cake\Http\ServerRequest), Object(Cake\Http\Response))
#9 C:\xampp\htdocs\maximess\vendor\cakephp\cakephp\src\Http\Runner.php(65): Cake\Routing\Middleware\RoutingMiddleware->__invoke(Object(Cake\Http\ServerRequest), Object(Cake\Http\Response), Object(Cake\Http\Runner))
#10 C:\xampp\htdocs\maximess\vendor\cakephp\cakephp\src\Routing\Middleware\AssetMiddleware.php(88): Cake\Http\Runner->__invoke(Object(Cake\Http\ServerRequest), Object(Cake\Http\Response))
#11 C:\xampp\htdocs\maximess\vendor\cakephp\cakephp\src\Http\Runner.php(65): Cake\Routing\Middleware\AssetMiddleware->__invoke(Object(Cake\Http\ServerRequest), Object(Cake\Http\Response), Object(Cake\Http\Runner))
#12 C:\xampp\htdocs\maximess\vendor\cakephp\cakephp\src\Error\Middleware\ErrorHandlerMiddleware.php(100): Cake\Http\Runner->__invoke(Object(Cake\Http\ServerRequest), Object(Cake\Http\Response))
#13 C:\xampp\htdocs\maximess\vendor\cakephp\cakephp\src\Http\Runner.php(65): Cake\Error\Middleware\ErrorHandlerMiddleware->__invoke(Object(Cake\Http\ServerRequest), Object(Cake\Http\Response), Object(Cake\Http\Runner))
#14 C:\xampp\htdocs\maximess\vendor\cakephp\debug_kit\src\Middleware\DebugKitMiddleware.php(53): Cake\Http\Runner->__invoke(Object(Cake\Http\ServerRequest), Object(Cake\Http\Response))
#15 C:\xampp\htdocs\maximess\vendor\cakephp\cakephp\src\Http\Runner.php(65): DebugKit\Middleware\DebugKitMiddleware->__invoke(Object(Cake\Http\ServerRequest), Object(Cake\Http\Response), Object(Cake\Http\Runner))
#16 C:\xampp\htdocs\maximess\vendor\cakephp\cakephp\src\Http\Runner.php(51): Cake\Http\Runner->__invoke(Object(Cake\Http\ServerRequest), Object(Cake\Http\Response))
#17 C:\xampp\htdocs\maximess\vendor\cakephp\cakephp\src\Http\Server.php(97): Cake\Http\Runner->run(Object(Cake\Http\MiddlewareQueue), Object(Cake\Http\ServerRequest), Object(Cake\Http\Response))
#18 C:\xampp\htdocs\maximess\webroot\index.php(40): Cake\Http\Server->run()
#19 {main}
Request URL: /posts/users/login


2021-02-16 08:11:28 Error: [Error] Class 'App\Model\Entity\DefaultPasswordHasher' not found (C:\xampp\htdocs\maximess\src\Model\Entity\User.php:55)
#0 C:\xampp\htdocs\maximess\vendor\cakephp\cakephp\src\Datasource\EntityTrait.php(264): App\Model\Entity\User->_setPassword('admin')
#1 C:\xampp\htdocs\maximess\vendor\cakephp\cakephp\src\ORM\Marshaller.php(612): Cake\ORM\Entity->set(Array)
#2 C:\xampp\htdocs\maximess\vendor\cakephp\cakephp\src\ORM\Table.php(2859): Cake\ORM\Marshaller->merge(Object(App\Model\Entity\User), Array, Array)
#3 C:\xampp\htdocs\maximess\src\Controller\UsersController.php(78): Cake\ORM\Table->patchEntity(Object(App\Model\Entity\User), Array)
#4 C:\xampp\htdocs\maximess\vendor\cakephp\cakephp\src\Controller\Controller.php(606): App\Controller\UsersController->add()
#5 C:\xampp\htdocs\maximess\vendor\cakephp\cakephp\src\Http\ActionDispatcher.php(120): Cake\Controller\Controller->invokeAction()
#6 C:\xampp\htdocs\maximess\vendor\cakephp\cakephp\src\Http\ActionDispatcher.php(94): Cake\Http\ActionDispatcher->_invoke(Object(App\Controller\UsersController))
#7 C:\xampp\htdocs\maximess\vendor\cakephp\cakephp\src\Http\BaseApplication.php(256): Cake\Http\ActionDispatcher->dispatch(Object(Cake\Http\ServerRequest), Object(Cake\Http\Response))
#8 C:\xampp\htdocs\maximess\vendor\cakephp\cakephp\src\Http\Runner.php(65): Cake\Http\BaseApplication->__invoke(Object(Cake\Http\ServerRequest), Object(Cake\Http\Response), Object(Cake\Http\Runner))
#9 C:\xampp\htdocs\maximess\vendor\cakephp\cakephp\src\Http\Runner.php(65): Cake\Http\Runner->__invoke(Object(Cake\Http\ServerRequest), Object(Cake\Http\Response), Object(Cake\Http\Runner))
#10 C:\xampp\htdocs\maximess\vendor\cakephp\cakephp\src\Http\Middleware\CsrfProtectionMiddleware.php(126): Cake\Http\Runner->__invoke(Object(Cake\Http\ServerRequest), Object(Cake\Http\Response))
#11 C:\xampp\htdocs\maximess\vendor\cakephp\cakephp\src\Http\Runner.php(65): Cake\Http\Middleware\CsrfProtectionMiddleware->__invoke(Object(Cake\Http\ServerRequest), Object(Cake\Http\Response), Object(Cake\Http\Runner))
#12 C:\xampp\htdocs\maximess\vendor\cakephp\cakephp\src\Http\Runner.php(51): Cake\Http\Runner->__invoke(Object(Cake\Http\ServerRequest), Object(Cake\Http\Response))
#13 C:\xampp\htdocs\maximess\vendor\cakephp\cakephp\src\Routing\Middleware\RoutingMiddleware.php(170): Cake\Http\Runner->run(Object(Cake\Http\MiddlewareQueue), Object(Cake\Http\ServerRequest), Object(Cake\Http\Response))
#14 C:\xampp\htdocs\maximess\vendor\cakephp\cakephp\src\Http\Runner.php(65): Cake\Routing\Middleware\RoutingMiddleware->__invoke(Object(Cake\Http\ServerRequest), Object(Cake\Http\Response), Object(Cake\Http\Runner))
#15 C:\xampp\htdocs\maximess\vendor\cakephp\cakephp\src\Routing\Middleware\AssetMiddleware.php(88): Cake\Http\Runner->__invoke(Object(Cake\Http\ServerRequest), Object(Cake\Http\Response))
#16 C:\xampp\htdocs\maximess\vendor\cakephp\cakephp\src\Http\Runner.php(65): Cake\Routing\Middleware\AssetMiddleware->__invoke(Object(Cake\Http\ServerRequest), Object(Cake\Http\Response), Object(Cake\Http\Runner))
#17 C:\xampp\htdocs\maximess\vendor\cakephp\cakephp\src\Error\Middleware\ErrorHandlerMiddleware.php(100): Cake\Http\Runner->__invoke(Object(Cake\Http\ServerRequest), Object(Cake\Http\Response))
#18 C:\xampp\htdocs\maximess\vendor\cakephp\cakephp\src\Http\Runner.php(65): Cake\Error\Middleware\ErrorHandlerMiddleware->__invoke(Object(Cake\Http\ServerRequest), Object(Cake\Http\Response), Object(Cake\Http\Runner))
#19 C:\xampp\htdocs\maximess\vendor\cakephp\debug_kit\src\Middleware\DebugKitMiddleware.php(53): Cake\Http\Runner->__invoke(Object(Cake\Http\ServerRequest), Object(Cake\Http\Response))
#20 C:\xampp\htdocs\maximess\vendor\cakephp\cakephp\src\Http\Runner.php(65): DebugKit\Middleware\DebugKitMiddleware->__invoke(Object(Cake\Http\ServerRequest), Object(Cake\Http\Response), Object(Cake\Http\Runner))
#21 C:\xampp\htdocs\maximess\vendor\cakephp\cakephp\src\Http\Runner.php(51): Cake\Http\Runner->__invoke(Object(Cake\Http\ServerRequest), Object(Cake\Http\Response))
#22 C:\xampp\htdocs\maximess\vendor\cakephp\cakephp\src\Http\Server.php(97): Cake\Http\Runner->run(Object(Cake\Http\MiddlewareQueue), Object(Cake\Http\ServerRequest), Object(Cake\Http\Response))
#23 C:\xampp\htdocs\maximess\webroot\index.php(40): Cake\Http\Server->run()
#24 {main}
Request URL: /users/add
Referer URL: http://localhost/maximess/users/add


2021-02-16 08:13:31 Error: [Error] Class 'App\Model\Entity\DefaultPasswordHasher' not found (C:\xampp\htdocs\maximess\src\Model\Entity\User.php:56)
#0 C:\xampp\htdocs\maximess\vendor\cakephp\cakephp\src\Datasource\EntityTrait.php(264): App\Model\Entity\User->_setPassword('admin')
#1 C:\xampp\htdocs\maximess\vendor\cakephp\cakephp\src\ORM\Marshaller.php(612): Cake\ORM\Entity->set(Array)
#2 C:\xampp\htdocs\maximess\vendor\cakephp\cakephp\src\ORM\Table.php(2859): Cake\ORM\Marshaller->merge(Object(App\Model\Entity\User), Array, Array)
#3 C:\xampp\htdocs\maximess\src\Controller\UsersController.php(78): Cake\ORM\Table->patchEntity(Object(App\Model\Entity\User), Array)
#4 C:\xampp\htdocs\maximess\vendor\cakephp\cakephp\src\Controller\Controller.php(606): App\Controller\UsersController->add()
#5 C:\xampp\htdocs\maximess\vendor\cakephp\cakephp\src\Http\ActionDispatcher.php(120): Cake\Controller\Controller->invokeAction()
#6 C:\xampp\htdocs\maximess\vendor\cakephp\cakephp\src\Http\ActionDispatcher.php(94): Cake\Http\ActionDispatcher->_invoke(Object(App\Controller\UsersController))
#7 C:\xampp\htdocs\maximess\vendor\cakephp\cakephp\src\Http\BaseApplication.php(256): Cake\Http\ActionDispatcher->dispatch(Object(Cake\Http\ServerRequest), Object(Cake\Http\Response))
#8 C:\xampp\htdocs\maximess\vendor\cakephp\cakephp\src\Http\Runner.php(65): Cake\Http\BaseApplication->__invoke(Object(Cake\Http\ServerRequest), Object(Cake\Http\Response), Object(Cake\Http\Runner))
#9 C:\xampp\htdocs\maximess\vendor\cakephp\cakephp\src\Http\Runner.php(65): Cake\Http\Runner->__invoke(Object(Cake\Http\ServerRequest), Object(Cake\Http\Response), Object(Cake\Http\Runner))
#10 C:\xampp\htdocs\maximess\vendor\cakephp\cakephp\src\Http\Middleware\CsrfProtectionMiddleware.php(126): Cake\Http\Runner->__invoke(Object(Cake\Http\ServerRequest), Object(Cake\Http\Response))
#11 C:\xampp\htdocs\maximess\vendor\cakephp\cakephp\src\Http\Runner.php(65): Cake\Http\Middleware\CsrfProtectionMiddleware->__invoke(Object(Cake\Http\ServerRequest), Object(Cake\Http\Response), Object(Cake\Http\Runner))
#12 C:\xampp\htdocs\maximess\vendor\cakephp\cakephp\src\Http\Runner.php(51): Cake\Http\Runner->__invoke(Object(Cake\Http\ServerRequest), Object(Cake\Http\Response))
#13 C:\xampp\htdocs\maximess\vendor\cakephp\cakephp\src\Routing\Middleware\RoutingMiddleware.php(170): Cake\Http\Runner->run(Object(Cake\Http\MiddlewareQueue), Object(Cake\Http\ServerRequest), Object(Cake\Http\Response))
#14 C:\xampp\htdocs\maximess\vendor\cakephp\cakephp\src\Http\Runner.php(65): Cake\Routing\Middleware\RoutingMiddleware->__invoke(Object(Cake\Http\ServerRequest), Object(Cake\Http\Response), Object(Cake\Http\Runner))
#15 C:\xampp\htdocs\maximess\vendor\cakephp\cakephp\src\Routing\Middleware\AssetMiddleware.php(88): Cake\Http\Runner->__invoke(Object(Cake\Http\ServerRequest), Object(Cake\Http\Response))
#16 C:\xampp\htdocs\maximess\vendor\cakephp\cakephp\src\Http\Runner.php(65): Cake\Routing\Middleware\AssetMiddleware->__invoke(Object(Cake\Http\ServerRequest), Object(Cake\Http\Response), Object(Cake\Http\Runner))
#17 C:\xampp\htdocs\maximess\vendor\cakephp\cakephp\src\Error\Middleware\ErrorHandlerMiddleware.php(100): Cake\Http\Runner->__invoke(Object(Cake\Http\ServerRequest), Object(Cake\Http\Response))
#18 C:\xampp\htdocs\maximess\vendor\cakephp\cakephp\src\Http\Runner.php(65): Cake\Error\Middleware\ErrorHandlerMiddleware->__invoke(Object(Cake\Http\ServerRequest), Object(Cake\Http\Response), Object(Cake\Http\Runner))
#19 C:\xampp\htdocs\maximess\vendor\cakephp\debug_kit\src\Middleware\DebugKitMiddleware.php(53): Cake\Http\Runner->__invoke(Object(Cake\Http\ServerRequest), Object(Cake\Http\Response))
#20 C:\xampp\htdocs\maximess\vendor\cakephp\cakephp\src\Http\Runner.php(65): DebugKit\Middleware\DebugKitMiddleware->__invoke(Object(Cake\Http\ServerRequest), Object(Cake\Http\Response), Object(Cake\Http\Runner))
#21 C:\xampp\htdocs\maximess\vendor\cakephp\cakephp\src\Http\Runner.php(51): Cake\Http\Runner->__invoke(Object(Cake\Http\ServerRequest), Object(Cake\Http\Response))
#22 C:\xampp\htdocs\maximess\vendor\cakephp\cakephp\src\Http\Server.php(97): Cake\Http\Runner->run(Object(Cake\Http\MiddlewareQueue), Object(Cake\Http\ServerRequest), Object(Cake\Http\Response))
#23 C:\xampp\htdocs\maximess\webroot\index.php(40): Cake\Http\Server->run()
#24 {main}
Request URL: /users/add
Referer URL: http://localhost/maximess/users/add


2021-02-16 08:15:29 Error: [Error] Class 'App\Model\Entity\DefaultPasswordHasher' not found (C:\xampp\htdocs\maximess\src\Model\Entity\User.php:56)
#0 C:\xampp\htdocs\maximess\vendor\cakephp\cakephp\src\Datasource\EntityTrait.php(264): App\Model\Entity\User->_setPassword('admin')
#1 C:\xampp\htdocs\maximess\vendor\cakephp\cakephp\src\ORM\Marshaller.php(612): Cake\ORM\Entity->set(Array)
#2 C:\xampp\htdocs\maximess\vendor\cakephp\cakephp\src\ORM\Table.php(2859): Cake\ORM\Marshaller->merge(Object(App\Model\Entity\User), Array, Array)
#3 C:\xampp\htdocs\maximess\src\Controller\UsersController.php(79): Cake\ORM\Table->patchEntity(Object(App\Model\Entity\User), Array)
#4 C:\xampp\htdocs\maximess\vendor\cakephp\cakephp\src\Controller\Controller.php(606): App\Controller\UsersController->add()
#5 C:\xampp\htdocs\maximess\vendor\cakephp\cakephp\src\Http\ActionDispatcher.php(120): Cake\Controller\Controller->invokeAction()
#6 C:\xampp\htdocs\maximess\vendor\cakephp\cakephp\src\Http\ActionDispatcher.php(94): Cake\Http\ActionDispatcher->_invoke(Object(App\Controller\UsersController))
#7 C:\xampp\htdocs\maximess\vendor\cakephp\cakephp\src\Http\BaseApplication.php(256): Cake\Http\ActionDispatcher->dispatch(Object(Cake\Http\ServerRequest), Object(Cake\Http\Response))
#8 C:\xampp\htdocs\maximess\vendor\cakephp\cakephp\src\Http\Runner.php(65): Cake\Http\BaseApplication->__invoke(Object(Cake\Http\ServerRequest), Object(Cake\Http\Response), Object(Cake\Http\Runner))
#9 C:\xampp\htdocs\maximess\vendor\cakephp\cakephp\src\Http\Runner.php(65): Cake\Http\Runner->__invoke(Object(Cake\Http\ServerRequest), Object(Cake\Http\Response), Object(Cake\Http\Runner))
#10 C:\xampp\htdocs\maximess\vendor\cakephp\cakephp\src\Http\Middleware\CsrfProtectionMiddleware.php(126): Cake\Http\Runner->__invoke(Object(Cake\Http\ServerRequest), Object(Cake\Http\Response))
#11 C:\xampp\htdocs\maximess\vendor\cakephp\cakephp\src\Http\Runner.php(65): Cake\Http\Middleware\CsrfProtectionMiddleware->__invoke(Object(Cake\Http\ServerRequest), Object(Cake\Http\Response), Object(Cake\Http\Runner))
#12 C:\xampp\htdocs\maximess\vendor\cakephp\cakephp\src\Http\Runner.php(51): Cake\Http\Runner->__invoke(Object(Cake\Http\ServerRequest), Object(Cake\Http\Response))
#13 C:\xampp\htdocs\maximess\vendor\cakephp\cakephp\src\Routing\Middleware\RoutingMiddleware.php(170): Cake\Http\Runner->run(Object(Cake\Http\MiddlewareQueue), Object(Cake\Http\ServerRequest), Object(Cake\Http\Response))
#14 C:\xampp\htdocs\maximess\vendor\cakephp\cakephp\src\Http\Runner.php(65): Cake\Routing\Middleware\RoutingMiddleware->__invoke(Object(Cake\Http\ServerRequest), Object(Cake\Http\Response), Object(Cake\Http\Runner))
#15 C:\xampp\htdocs\maximess\vendor\cakephp\cakephp\src\Routing\Middleware\AssetMiddleware.php(88): Cake\Http\Runner->__invoke(Object(Cake\Http\ServerRequest), Object(Cake\Http\Response))
#16 C:\xampp\htdocs\maximess\vendor\cakephp\cakephp\src\Http\Runner.php(65): Cake\Routing\Middleware\AssetMiddleware->__invoke(Object(Cake\Http\ServerRequest), Object(Cake\Http\Response), Object(Cake\Http\Runner))
#17 C:\xampp\htdocs\maximess\vendor\cakephp\cakephp\src\Error\Middleware\ErrorHandlerMiddleware.php(100): Cake\Http\Runner->__invoke(Object(Cake\Http\ServerRequest), Object(Cake\Http\Response))
#18 C:\xampp\htdocs\maximess\vendor\cakephp\cakephp\src\Http\Runner.php(65): Cake\Error\Middleware\ErrorHandlerMiddleware->__invoke(Object(Cake\Http\ServerRequest), Object(Cake\Http\Response), Object(Cake\Http\Runner))
#19 C:\xampp\htdocs\maximess\vendor\cakephp\debug_kit\src\Middleware\DebugKitMiddleware.php(53): Cake\Http\Runner->__invoke(Object(Cake\Http\ServerRequest), Object(Cake\Http\Response))
#20 C:\xampp\htdocs\maximess\vendor\cakephp\cakephp\src\Http\Runner.php(65): DebugKit\Middleware\DebugKitMiddleware->__invoke(Object(Cake\Http\ServerRequest), Object(Cake\Http\Response), Object(Cake\Http\Runner))
#21 C:\xampp\htdocs\maximess\vendor\cakephp\cakephp\src\Http\Runner.php(51): Cake\Http\Runner->__invoke(Object(Cake\Http\ServerRequest), Object(Cake\Http\Response))
#22 C:\xampp\htdocs\maximess\vendor\cakephp\cakephp\src\Http\Server.php(97): Cake\Http\Runner->run(Object(Cake\Http\MiddlewareQueue), Object(Cake\Http\ServerRequest), Object(Cake\Http\Response))
#23 C:\xampp\htdocs\maximess\webroot\index.php(40): Cake\Http\Server->run()
#24 {main}
Request URL: /users/add
Referer URL: http://localhost/maximess/users/add


2021-02-16 09:31:47 Error: [PDOException] SQLSTATE[HY000] [1049] Unknown database 'maximess' (C:\xampp\htdocs\maximess\vendor\cakephp\cakephp\src\Database\Driver.php:93)
#0 C:\xampp\htdocs\maximess\vendor\cakephp\cakephp\src\Database\Driver.php(93): PDO->__construct('mysql:host=loca...', 'developer', 'Dev%xamp16', Array)
#1 C:\xampp\htdocs\maximess\vendor\cakephp\cakephp\src\Database\Driver\Mysql.php(105): Cake\Database\Driver->_connect('mysql:host=loca...', Array)
#2 C:\xampp\htdocs\maximess\vendor\cakephp\cakephp\src\Database\Schema\BaseSchema.php(44): Cake\Database\Driver\Mysql->connect()
#3 C:\xampp\htdocs\maximess\vendor\cakephp\cakephp\src\Database\Dialect\MysqlDialectTrait.php(62): Cake\Database\Schema\BaseSchema->__construct(Object(Cake\Database\Driver\Mysql))
#4 C:\xampp\htdocs\maximess\vendor\cakephp\cakephp\src\Database\Schema\Collection.php(51): Cake\Database\Driver\Mysql->schemaDialect()
#5 C:\xampp\htdocs\maximess\vendor\cakephp\cakephp\src\Database\Schema\CachedCollection.php(41): Cake\Database\Schema\Collection->__construct(Object(Cake\Database\Connection))
#6 C:\xampp\htdocs\maximess\vendor\cakephp\cakephp\src\Database\Connection.php(399): Cake\Database\Schema\CachedCollection->__construct(Object(Cake\Database\Connection), true)
#7 C:\xampp\htdocs\maximess\vendor\cakephp\cakephp\src\ORM\Table.php(565): Cake\Database\Connection->getSchemaCollection()
#8 C:\xampp\htdocs\maximess\vendor\cakephp\cakephp\src\ORM\Query.php(267): Cake\ORM\Table->getSchema()
#9 C:\xampp\htdocs\maximess\vendor\cakephp\cakephp\src\ORM\Query.php(167): Cake\ORM\Query->addDefaultTypes(Object(App\Model\Table\UsersTable))
#10 C:\xampp\htdocs\maximess\vendor\cakephp\cakephp\src\ORM\Table.php(1785): Cake\ORM\Query->__construct(Object(Cake\Database\Connection), Object(App\Model\Table\UsersTable))
#11 C:\xampp\htdocs\maximess\vendor\cakephp\cakephp\src\ORM\Table.php(1368): Cake\ORM\Table->query()
#12 C:\xampp\htdocs\maximess\vendor\cakephp\cakephp\src\Auth\BaseAuthenticate.php(193): Cake\ORM\Table->find('all', Array)
#13 C:\xampp\htdocs\maximess\vendor\cakephp\cakephp\src\Auth\BaseAuthenticate.php(114): Cake\Auth\BaseAuthenticate->_query('rohit@gmail.com')
#14 C:\xampp\htdocs\maximess\vendor\cakephp\cakephp\src\Auth\FormAuthenticate.php(85): Cake\Auth\BaseAuthenticate->_findUser('rohit@gmail.com', 'admin')
#15 C:\xampp\htdocs\maximess\vendor\cakephp\cakephp\src\Controller\Component\AuthComponent.php(826): Cake\Auth\FormAuthenticate->authenticate(Object(Cake\Http\ServerRequest), Object(Cake\Http\Response))
#16 C:\xampp\htdocs\maximess\src\Controller\UsersController.php(39): Cake\Controller\Component\AuthComponent->identify()
#17 C:\xampp\htdocs\maximess\vendor\cakephp\cakephp\src\Controller\Controller.php(606): App\Controller\UsersController->login()
#18 C:\xampp\htdocs\maximess\vendor\cakephp\cakephp\src\Http\ActionDispatcher.php(120): Cake\Controller\Controller->invokeAction()
#19 C:\xampp\htdocs\maximess\vendor\cakephp\cakephp\src\Http\ActionDispatcher.php(94): Cake\Http\ActionDispatcher->_invoke(Object(App\Controller\UsersController))
#20 C:\xampp\htdocs\maximess\vendor\cakephp\cakephp\src\Http\BaseApplication.php(256): Cake\Http\ActionDispatcher->dispatch(Object(Cake\Http\ServerRequest), Object(Cake\Http\Response))
#21 C:\xampp\htdocs\maximess\vendor\cakephp\cakephp\src\Http\Runner.php(65): Cake\Http\BaseApplication->__invoke(Object(Cake\Http\ServerRequest), Object(Cake\Http\Response), Object(Cake\Http\Runner))
#22 C:\xampp\htdocs\maximess\vendor\cakephp\cakephp\src\Http\Runner.php(65): Cake\Http\Runner->__invoke(Object(Cake\Http\ServerRequest), Object(Cake\Http\Response), Object(Cake\Http\Runner))
#23 C:\xampp\htdocs\maximess\vendor\cakephp\cakephp\src\Http\Middleware\CsrfProtectionMiddleware.php(126): Cake\Http\Runner->__invoke(Object(Cake\Http\ServerRequest), Object(Cake\Http\Response))
#24 C:\xampp\htdocs\maximess\vendor\cakephp\cakephp\src\Http\Runner.php(65): Cake\Http\Middleware\CsrfProtectionMiddleware->__invoke(Object(Cake\Http\ServerRequest), Object(Cake\Http\Response), Object(Cake\Http\Runner))
#25 C:\xampp\htdocs\maximess\vendor\cakephp\cakephp\src\Http\Runner.php(51): Cake\Http\Runner->__invoke(Object(Cake\Http\ServerRequest), Object(Cake\Http\Response))
#26 C:\xampp\htdocs\maximess\vendor\cakephp\cakephp\src\Routing\Middleware\RoutingMiddleware.php(170): Cake\Http\Runner->run(Object(Cake\Http\MiddlewareQueue), Object(Cake\Http\ServerRequest), Object(Cake\Http\Response))
#27 C:\xampp\htdocs\maximess\vendor\cakephp\cakephp\src\Http\Runner.php(65): Cake\Routing\Middleware\RoutingMiddleware->__invoke(Object(Cake\Http\ServerRequest), Object(Cake\Http\Response), Object(Cake\Http\Runner))
#28 C:\xampp\htdocs\maximess\vendor\cakephp\cakephp\src\Routing\Middleware\AssetMiddleware.php(88): Cake\Http\Runner->__invoke(Object(Cake\Http\ServerRequest), Object(Cake\Http\Response))
#29 C:\xampp\htdocs\maximess\vendor\cakephp\cakephp\src\Http\Runner.php(65): Cake\Routing\Middleware\AssetMiddleware->__invoke(Object(Cake\Http\ServerRequest), Object(Cake\Http\Response), Object(Cake\Http\Runner))
#30 C:\xampp\htdocs\maximess\vendor\cakephp\cakephp\src\Error\Middleware\ErrorHandlerMiddleware.php(100): Cake\Http\Runner->__invoke(Object(Cake\Http\ServerRequest), Object(Cake\Http\Response))
#31 C:\xampp\htdocs\maximess\vendor\cakephp\cakephp\src\Http\Runner.php(65): Cake\Error\Middleware\ErrorHandlerMiddleware->__invoke(Object(Cake\Http\ServerRequest), Object(Cake\Http\Response), Object(Cake\Http\Runner))
#32 C:\xampp\htdocs\maximess\vendor\cakephp\debug_kit\src\Middleware\DebugKitMiddleware.php(53): Cake\Http\Runner->__invoke(Object(Cake\Http\ServerRequest), Object(Cake\Http\Response))
#33 C:\xampp\htdocs\maximess\vendor\cakephp\cakephp\src\Http\Runner.php(65): DebugKit\Middleware\DebugKitMiddleware->__invoke(Object(Cake\Http\ServerRequest), Object(Cake\Http\Response), Object(Cake\Http\Runner))
#34 C:\xampp\htdocs\maximess\vendor\cakephp\cakephp\src\Http\Runner.php(51): Cake\Http\Runner->__invoke(Object(Cake\Http\ServerRequest), Object(Cake\Http\Response))
#35 C:\xampp\htdocs\maximess\vendor\cakephp\cakephp\src\Http\Server.php(97): Cake\Http\Runner->run(Object(Cake\Http\MiddlewareQueue), Object(Cake\Http\ServerRequest), Object(Cake\Http\Response))
#36 C:\xampp\htdocs\maximess\webroot\index.php(40): Cake\Http\Server->run()
#37 {main}
Request URL: /users/login
Referer URL: http://localhost/maximess/users/login


